<?xml version="1.0" encoding="UTF-8"?>
<!-- Generated by org.testng.reporters.JUnitReportReporter -->
<testsuite skipped="0" hostname="LAPTOP-AP1367K9" name="mavenforjenkins.UITest" tests="1" failures="0" timestamp="2022-02-22T11:07:29 IST" time="9.941" errors="0">
  <testcase name="startBrowser" time="9.941" classname="mavenforjenkins.UITest"/>
  <system-out/>
</testsuite> <!-- mavenforjenkins.UITest -->
